<?xml version="1.0" encoding="UTF-8"?>
<testng-results skipped="0" failed="0" total="1" passed="1">
  <reporter-output>
  </reporter-output>
  <suite name="Surefire suite" duration-ms="10869" started-at="2019-12-02T14:08:08Z" finished-at="2019-12-02T14:08:19Z">
    <groups>
    </groups>
    <test name="Surefire test" duration-ms="10869" started-at="2019-12-02T14:08:08Z" finished-at="2019-12-02T14:08:19Z">
      <class name="example.NewTest">
        <test-method status="PASS" signature="beforeTest()[pri:0, instance:example.NewTest@b4c3ab]" name="beforeTest" is-config="true" duration-ms="6999" started-at="2019-12-02T15:08:08Z" finished-at="2019-12-02T15:08:15Z">
          <reporter-output>
          </reporter-output>
        </test-method> <!-- beforeTest -->
        <test-method status="PASS" signature="testEasy()[pri:0, instance:example.NewTest@b4c3ab]" name="testEasy" duration-ms="2554" started-at="2019-12-02T15:08:15Z" finished-at="2019-12-02T15:08:17Z">
          <reporter-output>
          </reporter-output>
        </test-method> <!-- testEasy -->
        <test-method status="PASS" signature="afterTest()[pri:0, instance:example.NewTest@b4c3ab]" name="afterTest" is-config="true" duration-ms="1309" started-at="2019-12-02T15:08:17Z" finished-at="2019-12-02T15:08:19Z">
          <reporter-output>
          </reporter-output>
        </test-method> <!-- afterTest -->
      </class> <!-- example.NewTest -->
    </test> <!-- Surefire test -->
  </suite> <!-- Surefire suite -->
</testng-results>
